<?xml version="1.0" encoding="UTF-8"?>
<testng-results skipped="0" failed="1" total="3" passed="2">
  <reporter-output>
  </reporter-output>
  <suite name="Default suite" duration-ms="87975" started-at="2015-11-24T13:36:20Z" finished-at="2015-11-24T13:37:47Z">
    <groups>
    </groups>
    <test name="Default test" duration-ms="87975" started-at="2015-11-24T13:36:20Z" finished-at="2015-11-24T13:37:47Z">
      <class name="selenium.UserBrowserTest">
        <test-method status="PASS" signature="startBrowser()[pri:0, instance:selenium.UserBrowserTest@12050f6]" name="startBrowser" is-config="true" duration-ms="10045" started-at="2015-11-24T14:36:20Z" finished-at="2015-11-24T14:36:30Z">
          <reporter-output>
          </reporter-output>
        </test-method> <!-- startBrowser -->
        <test-method status="PASS" signature="authenticationTest()[pri:0, instance:selenium.UserBrowserTest@12050f6]" name="authenticationTest" duration-ms="2387" started-at="2015-11-24T14:36:30Z" finished-at="2015-11-24T14:36:32Z">
          <reporter-output>
          </reporter-output>
        </test-method> <!-- authenticationTest -->
        <test-method status="PASS" signature="closeBrowser()[pri:0, instance:selenium.UserBrowserTest@12050f6]" name="closeBrowser" is-config="true" duration-ms="15" started-at="2015-11-24T14:36:32Z" finished-at="2015-11-24T14:36:32Z">
          <reporter-output>
          </reporter-output>
        </test-method> <!-- closeBrowser -->
        <test-method status="PASS" signature="startBrowser()[pri:0, instance:selenium.UserBrowserTest@12050f6]" name="startBrowser" is-config="true" duration-ms="9990" started-at="2015-11-24T14:36:32Z" finished-at="2015-11-24T14:36:42Z">
          <reporter-output>
          </reporter-output>
        </test-method> <!-- startBrowser -->
        <test-method status="PASS" signature="userRightsTest()[pri:0, instance:selenium.UserBrowserTest@12050f6]" name="userRightsTest" duration-ms="23001" started-at="2015-11-24T14:36:42Z" depends-on-methods="selenium.UserBrowserTest.authenticationTest" finished-at="2015-11-24T14:37:05Z">
          <reporter-output>
          </reporter-output>
        </test-method> <!-- userRightsTest -->
        <test-method status="PASS" signature="closeBrowser()[pri:0, instance:selenium.UserBrowserTest@12050f6]" name="closeBrowser" is-config="true" duration-ms="18" started-at="2015-11-24T14:37:05Z" finished-at="2015-11-24T14:37:05Z">
          <reporter-output>
          </reporter-output>
        </test-method> <!-- closeBrowser -->
        <test-method status="PASS" signature="startBrowser()[pri:0, instance:selenium.UserBrowserTest@12050f6]" name="startBrowser" is-config="true" duration-ms="9040" started-at="2015-11-24T14:37:05Z" finished-at="2015-11-24T14:37:14Z">
          <reporter-output>
          </reporter-output>
        </test-method> <!-- startBrowser -->
        <test-method status="FAIL" signature="newCommentTest()[pri:0, instance:selenium.UserBrowserTest@12050f6]" name="newCommentTest" duration-ms="33432" started-at="2015-11-24T14:37:14Z" depends-on-methods="selenium.UserBrowserTest.userRightsTest" finished-at="2015-11-24T14:37:47Z">
          <exception class="java.lang.AssertionError">
            <message>
              <![CDATA[expected:<1> but was:<0>]]>
            </message>
            <full-stacktrace>
              <![CDATA[java.lang.AssertionError: expected:<1> but was:<0>
	at org.testng.AssertJUnit.fail(AssertJUnit.java:59)
	at org.testng.AssertJUnit.failNotEquals(AssertJUnit.java:364)
	at org.testng.AssertJUnit.assertEquals(AssertJUnit.java:80)
	at org.testng.AssertJUnit.assertEquals(AssertJUnit.java:245)
	at org.testng.AssertJUnit.assertEquals(AssertJUnit.java:252)
	at selenium.UserBrowserTest.newCommentTest(UserBrowserTest.java:115)
	at sun.reflect.NativeMethodAccessorImpl.invoke0(Native Method)
	at sun.reflect.NativeMethodAccessorImpl.invoke(NativeMethodAccessorImpl.java:62)
	at sun.reflect.DelegatingMethodAccessorImpl.invoke(DelegatingMethodAccessorImpl.java:43)
	at java.lang.reflect.Method.invoke(Method.java:483)
	at org.testng.internal.MethodInvocationHelper.invokeMethod(MethodInvocationHelper.java:85)
	at org.testng.internal.Invoker.invokeMethod(Invoker.java:639)
	at org.testng.internal.Invoker.invokeTestMethod(Invoker.java:816)
	at org.testng.internal.Invoker.invokeTestMethods(Invoker.java:1124)
	at org.testng.internal.TestMethodWorker.invokeTestMethods(TestMethodWorker.java:125)
	at org.testng.internal.TestMethodWorker.run(TestMethodWorker.java:108)
	at org.testng.TestRunner.privateRun(TestRunner.java:774)
	at org.testng.TestRunner.run(TestRunner.java:624)
	at org.testng.SuiteRunner.runTest(SuiteRunner.java:359)
	at org.testng.SuiteRunner.runSequentially(SuiteRunner.java:354)
	at org.testng.SuiteRunner.privateRun(SuiteRunner.java:312)
	at org.testng.SuiteRunner.run(SuiteRunner.java:261)
	at org.testng.SuiteRunnerWorker.runSuite(SuiteRunnerWorker.java:52)
	at org.testng.SuiteRunnerWorker.run(SuiteRunnerWorker.java:86)
	at org.testng.TestNG.runSuitesSequentially(TestNG.java:1215)
	at org.testng.TestNG.runSuitesLocally(TestNG.java:1140)
	at org.testng.TestNG.run(TestNG.java:1048)
	at org.testng.remote.RemoteTestNG.run(RemoteTestNG.java:112)
	at org.testng.remote.RemoteTestNG.initAndRun(RemoteTestNG.java:205)
	at org.testng.remote.RemoteTestNG.main(RemoteTestNG.java:176)
]]>
            </full-stacktrace>
          </exception> <!-- java.lang.AssertionError -->
          <reporter-output>
          </reporter-output>
        </test-method> <!-- newCommentTest -->
        <test-method status="PASS" signature="closeBrowser()[pri:0, instance:selenium.UserBrowserTest@12050f6]" name="closeBrowser" is-config="true" duration-ms="14" started-at="2015-11-24T14:37:47Z" finished-at="2015-11-24T14:37:47Z">
          <reporter-output>
          </reporter-output>
        </test-method> <!-- closeBrowser -->
      </class> <!-- selenium.UserBrowserTest -->
    </test> <!-- Default test -->
  </suite> <!-- Default suite -->
</testng-results>
